<?xml version="1.0" encoding="UTF-8"?>
<!-- Generated by org.testng.reporters.JUnitXMLReporter -->
<testsuite ignored="0" hostname="DESKTOP-OO2JSP3" failures="0" tests="2" name="Default test" time="15.843" errors="0" timestamp="2023-04-20T06:49:58 GMT-04:00">
  <testcase classname="com.automation.sundaylabs.SundayLab.EndtoEndTest" name="Login" time="1.331"/>
  <testcase classname="com.automation.sundaylabs.SundayLab.EndtoEndTest" name="ProfilePage" time="12.221"/>
</testsuite> <!-- Default test -->
