<?xml version="1.0" encoding="UTF-8"?>
<!-- Generated by org.testng.reporters.JUnitXMLReporter -->
<testsuite ignored="0" hostname="DESKTOP-OO2JSP3" failures="0" tests="5" name="Test" time="22.21" errors="0" timestamp="2023-04-20T10:54:12 GMT-04:00">
  <testcase classname="com.automation.sundaylabs.SundayLab.EndtoEndTest" name="Login" time="1.521"/>
  <testcase classname="com.automation.sundaylabs.SundayLab.EndtoEndTest" name="ProfilePage" time="13.099"/>
  <testcase classname="com.automation.sundaylabs.SundayLab.EndtoEndTest" name="verifyUserType" time="4.151"/>
  <testcase classname="com.automation.sundaylabs.SundayLab.EndtoEndTest" name="verifyPan" time="0.095"/>
  <testcase classname="com.automation.sundaylabs.SundayLab.EndtoEndTest" name="verifyAdhar" time="0.046"/>
</testsuite> <!-- Test -->
