<?xml version="1.0" encoding="UTF-8"?>
<testng-results ignored="0" total="1" passed="1" failed="0" skipped="0">
  <reporter-output>
  </reporter-output>
  <suite started-at="2023-06-04T20:23:26 IST" name="Default suite" finished-at="2023-06-04T20:23:29 IST" duration-ms="3452">
    <groups>
    </groups>
    <test started-at="2023-06-04T20:23:26 IST" name="Default test" finished-at="2023-06-04T20:23:29 IST" duration-ms="3452">
      <class name="com.automation.automation.SeleniumWebdriver.WebtableSorted">
        <test-method is-config="true" signature="initializeDriver()[pri:0, instance:com.automation.automation.SeleniumWebdriver.WebtableSorted@15d49048]" started-at="2023-06-04T20:23:26 IST" name="initializeDriver" finished-at="2023-06-04T20:23:28 IST" duration-ms="2577" status="PASS">
          <reporter-output>
          </reporter-output>
        </test-method> <!-- initializeDriver -->
        <test-method signature="sortTable()[pri:0, instance:com.automation.automation.SeleniumWebdriver.WebtableSorted@15d49048]" started-at="2023-06-04T20:23:28 IST" name="sortTable" finished-at="2023-06-04T20:23:29 IST" duration-ms="730" status="PASS">
          <reporter-output>
          </reporter-output>
        </test-method> <!-- sortTable -->
        <test-method is-config="true" signature="close()[pri:0, instance:com.automation.automation.SeleniumWebdriver.WebtableSorted@15d49048]" started-at="2023-06-04T20:23:29 IST" name="close" finished-at="2023-06-04T20:23:29 IST" duration-ms="117" status="PASS">
          <reporter-output>
          </reporter-output>
        </test-method> <!-- close -->
      </class> <!-- com.automation.automation.SeleniumWebdriver.WebtableSorted -->
    </test> <!-- Default test -->
  </suite> <!-- Default suite -->
</testng-results>
